<?xml version="1.0" encoding="UTF-8"?>
<testng-results ignored="0" total="1" passed="1" failed="0" skipped="0">
  <reporter-output>
  </reporter-output>
  <suite started-at="2024-02-05T12:29:05 IST" name="Default suite" finished-at="2024-02-05T12:29:28 IST" duration-ms="23330">
    <groups>
    </groups>
    <test started-at="2024-02-05T12:29:05 IST" name="Default test" finished-at="2024-02-05T12:29:28 IST" duration-ms="23330">
      <class name="ags.tests.AjaxGoogleSearch">
        <test-method signature="googleSearch()[pri:0, instance:ags.tests.AjaxGoogleSearch@27462a88]" started-at="2024-02-05T12:29:05 IST" name="googleSearch" finished-at="2024-02-05T12:29:28 IST" duration-ms="23160" status="PASS">
          <reporter-output>
          </reporter-output>
        </test-method> <!-- googleSearch -->
      </class> <!-- ags.tests.AjaxGoogleSearch -->
    </test> <!-- Default test -->
  </suite> <!-- Default suite -->
</testng-results>
