<?xml version="1.0" encoding="UTF-8"?>
<testng-results ignored="0" total="1" passed="1" failed="0" skipped="0">
  <reporter-output>
  </reporter-output>
  <suite started-at="2024-02-05T20:39:58 IST" name="Default suite" finished-at="2024-02-05T20:40:43 IST" duration-ms="44634">
    <groups>
    </groups>
    <test started-at="2024-02-05T20:39:58 IST" name="Default test" finished-at="2024-02-05T20:40:43 IST" duration-ms="44634">
      <class name="ags.tests.AjaxGoogleSearchTest">
        <test-method signature="googleSearch()[pri:0, instance:ags.tests.AjaxGoogleSearchTest@201a4587]" started-at="2024-02-05T20:39:59 IST" name="googleSearch" finished-at="2024-02-05T20:40:43 IST" duration-ms="44264" status="PASS">
          <reporter-output>
          </reporter-output>
        </test-method> <!-- googleSearch -->
      </class> <!-- ags.tests.AjaxGoogleSearchTest -->
    </test> <!-- Default test -->
  </suite> <!-- Default suite -->
</testng-results>
